<?xml version="1.0" encoding="UTF-8"?>
<testsuite xmlns:xsi="http://www.w3.org/2001/XMLSchema-instance" xsi:noNamespaceSchemaLocation="https://maven.apache.org/surefire/maven-surefire-plugin/xsd/surefire-test-report.xsd" name="com.excilys.computerDatabase.ComputerDAOTest" time="0.204" tests="4" errors="0" skipped="0" failures="0">
  <properties>
[...]
</properties>
  <testcase name="testGetComputerById" classname="com.excilys.computerDatabase.ComputerDAOTest" time="0.025"/>
  <testcase name="testDeleteComputer" classname="com.excilys.computerDatabase.ComputerDAOTest" time="0.048"/>
  <testcase name="testGetListComputer" classname="com.excilys.computerDatabase.ComputerDAOTest" time="0.081"/>
  <testcase name="testAddComputer" classname="com.excilys.computerDatabase.ComputerDAOTest" time="0.048"/>
</testsuite>